{"C:\\Users\\summe\\Documents\\CSE341 - Web Services\\CSE341-finalProject\\CSE341-pet-adoption\\config\\db.js": {"path":"C:\\Users\\summe\\Documents\\CSE341 - Web Services\\CSE341-finalProject\\CSE341-pet-adoption\\config\\db.js","statementMap":{"0":{"start":{"line":1,"column":0},"end":{"line":1,"column":27}},"1":{"start":{"line":2,"column":22},"end":{"line":2,"column":40}},"2":{"start":{"line":5,"column":15},"end":{"line":5,"column":55}},"3":{"start":{"line":6,"column":15},"end":{"line":6,"column":29}},"4":{"start":{"line":9,"column":2},"end":{"line":14,"column":3}},"5":{"start":{"line":10,"column":4},"end":{"line":10,"column":27}},"6":{"start":{"line":11,"column":4},"end":{"line":11,"column":79}},"7":{"start":{"line":13,"column":4},"end":{"line":13,"column":73}},"8":{"start":{"line":17,"column":22},"end":{"line":19,"column":1}},"9":{"start":{"line":18,"column":4},"end":{"line":18,"column":56}},"10":{"start":{"line":21,"column":0},"end":{"line":24,"column":1}}},"fnMap":{"0":{"name":"connectDB","decl":{"start":{"line":8,"column":15},"end":{"line":8,"column":24}},"loc":{"start":{"line":8,"column":27},"end":{"line":15,"column":1}},"line":8},"1":{"name":"(anonymous_1)","decl":{"start":{"line":17,"column":22},"end":{"line":17,"column":23}},"loc":{"start":{"line":17,"column":42},"end":{"line":19,"column":1}},"line":17}},"branchMap":{},"s":{"0":1,"1":1,"2":1,"3":1,"4":0,"5":0,"6":0,"7":0,"8":1,"9":1,"10":1},"f":{"0":0,"1":1},"b":{},"_coverageSchema":"1a1c01bbd47fc00a2c39e90264f33305004495a9","hash":"be5cb56d16a9f69e7c352081f2932426775d8040"}
,"C:\\Users\\summe\\Documents\\CSE341 - Web Services\\CSE341-finalProject\\CSE341-pet-adoption\\routes\\petRoutes.js": {"path":"C:\\Users\\summe\\Documents\\CSE341 - Web Services\\CSE341-finalProject\\CSE341-pet-adoption\\routes\\petRoutes.js","statementMap":{"0":{"start":{"line":1,"column":16},"end":{"line":1,"column":34}},"1":{"start":{"line":2,"column":21},"end":{"line":2,"column":39}},"2":{"start":{"line":3,"column":25},"end":{"line":3,"column":48}},"3":{"start":{"line":4,"column":15},"end":{"line":4,"column":31}},"4":{"start":{"line":13,"column":0},"end":{"line":24,"column":3}},"5":{"start":{"line":14,"column":4},"end":{"line":22,"column":5}},"6":{"start":{"line":16,"column":27},"end":{"line":16,"column":48}},"7":{"start":{"line":18,"column":24},"end":{"line":18,"column":59}},"8":{"start":{"line":19,"column":8},"end":{"line":19,"column":26}},"9":{"start":{"line":21,"column":8},"end":{"line":21,"column":70}},"10":{"start":{"line":29,"column":0},"end":{"line":47,"column":3}},"11":{"start":{"line":30,"column":4},"end":{"line":46,"column":5}},"12":{"start":{"line":31,"column":27},"end":{"line":31,"column":48}},"13":{"start":{"line":34,"column":22},"end":{"line":34,"column":49}},"14":{"start":{"line":37,"column":26},"end":{"line":37,"column":66}},"15":{"start":{"line":39,"column":8},"end":{"line":41,"column":9}},"16":{"start":{"line":40,"column":12},"end":{"line":40,"column":58}},"17":{"start":{"line":43,"column":8},"end":{"line":43,"column":28}},"18":{"start":{"line":45,"column":8},"end":{"line":45,"column":83}},"19":{"start":{"line":50,"column":0},"end":{"line":66,"column":3}},"20":{"start":{"line":51,"column":4},"end":{"line":65,"column":5}},"21":{"start":{"line":53,"column":31},"end":{"line":53,"column":52}},"22":{"start":{"line":55,"column":23},"end":{"line":55,"column":63}},"23":{"start":{"line":57,"column":8},"end":{"line":60,"column":11}},"24":{"start":{"line":62,"column":8},"end":{"line":64,"column":37}},"25":{"start":{"line":69,"column":0},"end":{"line":87,"column":3}},"26":{"start":{"line":70,"column":17},"end":{"line":70,"column":27}},"27":{"start":{"line":71,"column":4},"end":{"line":86,"column":5}},"28":{"start":{"line":73,"column":31},"end":{"line":73,"column":52}},"29":{"start":{"line":75,"column":23},"end":{"line":78,"column":9}},"30":{"start":{"line":80,"column":8},"end":{"line":82,"column":9}},"31":{"start":{"line":81,"column":12},"end":{"line":81,"column":69}},"32":{"start":{"line":83,"column":8},"end":{"line":83,"column":79}},"33":{"start":{"line":85,"column":8},"end":{"line":85,"column":95}},"34":{"start":{"line":90,"column":0},"end":{"line":110,"column":3}},"35":{"start":{"line":91,"column":19},"end":{"line":91,"column":29}},"36":{"start":{"line":92,"column":4},"end":{"line":109,"column":5}},"37":{"start":{"line":94,"column":30},"end":{"line":94,"column":51}},"38":{"start":{"line":96,"column":23},"end":{"line":98,"column":9}},"39":{"start":{"line":100,"column":8},"end":{"line":102,"column":9}},"40":{"start":{"line":101,"column":12},"end":{"line":101,"column":70}},"41":{"start":{"line":104,"column":8},"end":{"line":104,"column":78}},"42":{"start":{"line":106,"column":8},"end":{"line":108,"column":37}},"43":{"start":{"line":112,"column":0},"end":{"line":112,"column":24}}},"fnMap":{"0":{"name":"(anonymous_0)","decl":{"start":{"line":13,"column":16},"end":{"line":13,"column":17}},"loc":{"start":{"line":13,"column":34},"end":{"line":24,"column":1}},"line":13},"1":{"name":"(anonymous_1)","decl":{"start":{"line":29,"column":19},"end":{"line":29,"column":20}},"loc":{"start":{"line":29,"column":39},"end":{"line":47,"column":1}},"line":29},"2":{"name":"(anonymous_2)","decl":{"start":{"line":50,"column":17},"end":{"line":50,"column":18}},"loc":{"start":{"line":50,"column":35},"end":{"line":66,"column":1}},"line":50},"3":{"name":"(anonymous_3)","decl":{"start":{"line":69,"column":19},"end":{"line":69,"column":20}},"loc":{"start":{"line":69,"column":37},"end":{"line":87,"column":1}},"line":69},"4":{"name":"(anonymous_4)","decl":{"start":{"line":90,"column":22},"end":{"line":90,"column":23}},"loc":{"start":{"line":90,"column":40},"end":{"line":110,"column":1}},"line":90}},"branchMap":{"0":{"loc":{"start":{"line":39,"column":8},"end":{"line":41,"column":9}},"type":"if","locations":[{"start":{"line":39,"column":8},"end":{"line":41,"column":9}},{"start":{},"end":{}}],"line":39},"1":{"loc":{"start":{"line":80,"column":8},"end":{"line":82,"column":9}},"type":"if","locations":[{"start":{"line":80,"column":8},"end":{"line":82,"column":9}},{"start":{},"end":{}}],"line":80},"2":{"loc":{"start":{"line":100,"column":8},"end":{"line":102,"column":9}},"type":"if","locations":[{"start":{"line":100,"column":8},"end":{"line":102,"column":9}},{"start":{},"end":{}}],"line":100}},"s":{"0":1,"1":1,"2":1,"3":1,"4":1,"5":1,"6":1,"7":1,"8":1,"9":0,"10":1,"11":0,"12":0,"13":0,"14":0,"15":0,"16":0,"17":0,"18":0,"19":1,"20":0,"21":0,"22":0,"23":0,"24":0,"25":1,"26":0,"27":0,"28":0,"29":0,"30":0,"31":0,"32":0,"33":0,"34":1,"35":0,"36":0,"37":0,"38":0,"39":0,"40":0,"41":0,"42":0,"43":1},"f":{"0":1,"1":0,"2":0,"3":0,"4":0},"b":{"0":[0,0],"1":[0,0],"2":[0,0]},"_coverageSchema":"1a1c01bbd47fc00a2c39e90264f33305004495a9","hash":"f860738ccdd161c13a718a8f690542f83b58be12"}
}
