TN:
SF:config\db.js
FN:8,connectDB
FN:17,(anonymous_1)
FNF:2
FNH:1
FNDA:0,connectDB
FNDA:1,(anonymous_1)
DA:1,1
DA:2,1
DA:5,1
DA:6,1
DA:9,0
DA:10,0
DA:11,0
DA:13,0
DA:17,1
DA:18,1
DA:21,1
LF:11
LH:7
BRF:0
BRH:0
end_of_record
TN:
SF:routes\petRoutes.js
FN:13,(anonymous_0)
FN:29,(anonymous_1)
FN:50,(anonymous_2)
FN:69,(anonymous_3)
FN:90,(anonymous_4)
FNF:5
FNH:1
FNDA:1,(anonymous_0)
FNDA:0,(anonymous_1)
FNDA:0,(anonymous_2)
FNDA:0,(anonymous_3)
FNDA:0,(anonymous_4)
DA:1,1
DA:2,1
DA:3,1
DA:4,1
DA:13,1
DA:14,1
DA:16,1
DA:18,1
DA:19,1
DA:21,0
DA:29,1
DA:30,0
DA:31,0
DA:34,0
DA:37,0
DA:39,0
DA:40,0
DA:43,0
DA:45,0
DA:50,1
DA:51,0
DA:53,0
DA:55,0
DA:57,0
DA:62,0
DA:69,1
DA:70,0
DA:71,0
DA:73,0
DA:75,0
DA:80,0
DA:81,0
DA:83,0
DA:85,0
DA:90,1
DA:91,0
DA:92,0
DA:94,0
DA:96,0
DA:100,0
DA:101,0
DA:104,0
DA:106,0
DA:112,1
LF:44
LH:14
BRDA:39,0,0,0
BRDA:39,0,1,0
BRDA:80,1,0,0
BRDA:80,1,1,0
BRDA:100,2,0,0
BRDA:100,2,1,0
BRF:6
BRH:0
end_of_record
